250 165 0
15 310 0
15 320 830
15 325 977
15 330 1125
15 305 1196
20 305 1255
20 310 1301
15 315 1332
250 160 1362
245 165 1391
20 330 1418
15 335 1446
160 405 1460
380 460 1486
15 340 1508
375 405 1517
425 405 1541
80 265 1568
250 135 1589
200 345 1598
190 25 1619
190 30 1626
190 50 1632
190 55 1647
410 130 1657
345 135 1661
410 135 1677
245 160 1686
250 250 1692
250 255 1710
75 265 1714
20 275 1721
250 310 1729
250 315 1736
20 320 1741
20 325 1749
20 335 1754
250 335 1763
375 335 1769
10 340 1781
250 340 1784
205 345 1793
165 405 1807
170 405 1810
175 405 1816
180 405 1825
375 410 1831
380 410 1838
425 410 1843
430 410 1845
380 455 1855
380 465 1864
380 470 1870
80 475 1876
80 480 1883
460 30 1886
355 95 1888
150 165 1892
55 360 1898
55 385 1903
195 25 1905
195 30 1910
315 30 1915
320 30 1918
325 30 1927
330 30 1930
335 30 1933
340 30 1935
345 30 1938
350 30 1945
355 30 1948
360 30 1954
365 30 1957
370 30 1960
375 30 1964
380 30 1968
385 30 1972
390 30 1974
395 30 1976
400 30 1978
405 30 1984
410 30 1987
415 30 1991
420 30 1992
425 30 1996
430 30 1999
435 30 2000
440 30 2005
445 30 2008
450 30 2009
455 30 2014
195 50 2016
195 55 2017
405 130 2019
405 135 2020
245 140 2022
250 140 2024
245 145 2029
250 145 2031
245 150 2034
250 150 2037
245 155 2039
250 155 2042
155 165 2047
160 165 2050
165 165 2052
170 165 2057
20 170 2059
250 170 2062
245 250 2064
245 255 2064
75 260 2066
15 280 2069
20 280 2073
15 285 2075
20 285 2078
15 290 2081
20 290 2083
15 295 2087
20 295 2088
15 300 2093
20 300 2094
245 310 2097
20 315 2099
245 315 2103
375 330 2103
245 335 2106
370 335 2108
245 340 2111
10 345 2112
55 365 2114
55 370 2116
55 375 2118
55 380 2120
185 405 2123
355 405 2124
360 405 2126
365 405 2128
370 405 2129
380 405 2132
430 405 2133
375 460 2136
375 465 2138
375 470 2139
140 10 2141
145 10 2143
30 25 2144
35 25 2146
310 30 2147
305 40 2148
280 50 2151
395 70 2154
245 135 2156
20 165 2158
175 165 2161
150 170 2163
20 175 2166
470 220 2167
455 225 2170
125 260 2171
425 265 2172
170 340 2174
205 340 2175
15 345 2176
50 360 2178
190 380 2180
50 385 2181
310 385 2182
350 405 2184
95 445 2186
235 485 2188
195 60 2189
330 70 2192
115 85 2193
330 85 2195
350 95 2198
250 115 2199
250 130 2200
110 165 2201
245 170 2203
40 180 2204
350 195 2205
160 230 2206
360 245 2209
45 255 2210
230 255 2213
45 260 2214
80 260 2218
85 265 2219
420 270 2221
15 275 2223
230 310 2225
370 330 2226
235 340 2228
5 345 2229
265 350 2231
490 370 2232
385 395 2233
405 405 2235
410 405 2237
415 405 2238
420 405 2239
490 405 2241
230 410 2242
280 425 2244
10 470 2246
85 475 2247
190 10 2248
90 15 2250
5 25 2252
175 110 2254
175 160 2257
180 160 2259
145 165 2260
410 170 2261
25 175 2262
125 200 2264
150 200 2265
390 200 2266
125 205 2267
150 210 2269
150 225 2271
320 250 2274
165 255 2274
20 270 2275
415 300 2276
375 305 2277
265 315 2277
450 320 2280
415 330 2283
265 335 2284
230 340 2286
15 355 2287
380 355 2288
200 375 2290
5 390 2291
55 390 2293
350 400 2294
395 400 2295
400 400 2296
85 450 2296
465 455 2297
60 475 2298
85 480 2300
85 15 2302
310 35 2303
285 45 2304
145 205 2305
450 260 2306
45 265 2309
80 305 2310
0 345 2312
55 355 2313
100 400 2316
185 400 2318
155 405 2320
400 405 2321
375 455 2322
225 480 2323
90 30 2324
5 40 2325
285 50 2326
330 65 2328
395 65 2329
325 70 2330
15 80 2331
325 85 2332
330 90 2335
355 100 2336
180 155 2336
110 160 2339
105 165 2340
145 170 2342
145 200 2343
470 210 2345
160 225 2346
450 225 2349
165 230 2350
390 240 2351
130 260 2352
5 340 2353
60 345 2354
230 345 2356
250 345 2357
375 350 2358
485 365 2359
490 365 2360
495 370 2361
185 380 2362
50 390 2363
495 405 2364
490 410 2365
20 465 2366
65 475 2368
240 485 2369
145 5 2371
80 25 2371
90 25 2373
35 30 2376
80 30 2377
95 30 2378
100 30 2379
105 30 2380
110 30 2381
115 30 2382
305 30 2383
115 40 2384
310 40 2385
305 45 2387
165 55 2389
280 55 2389
190 60 2390
240 65 2391
250 65 2392
255 70 2393
400 70 2393
440 85 2394
65 90 2395
340 90 2396
440 100 2397
165 105 2398
175 105 2399
255 110 2400
245 115 2402
400 115 2403
245 130 2405
345 130 2408
355 130 2408
470 130 2410
480 130 2411
490 130 2411
355 135 2412
470 135 2414
480 135 2415
490 135 2415
205 155 2417
180 165 2418
215 165 2419
220 165 2421
25 170 2422
40 175 2423
455 175 2423
345 195 2424
145 210 2425
470 215 2426
455 220 2427
470 225 2427
360 240 2429
355 245 2430
225 255 2432
165 260 2433
425 260 2434
125 265 2436
420 265 2438
420 275 2439
415 285 2440
225 310 2441
470 315 2441
480 315 2442
490 315 2443
470 320 2444
480 320 2445
95 335 2446
170 335 2448
175 335 2449
330 335 2450
95 345 2451
105 345 2452
175 345 2453
180 345 2454
185 345 2455
190 345 2455
195 345 2456
265 345 2457
105 350 2457
50 355 2458
115 355 2459
200 355 2460
205 355 2461
190 375 2462
305 380 2462
310 380 2464
315 385 2465
315 395 2467
380 395 2468
395 395 2469
160 400 2470
270 400 2470
425 400 2471
190 405 2472
345 405 2473
280 410 2473
290 410 2475
280 415 2476
430 415 2477
280 420 2478
465 425 2479
230 435 2480
5 445 2480
100 445 2481
225 445 2482
95 450 2484
20 455 2485
10 465 2486
65 480 2487
235 480 2487
10 490 2489
150 5 2491
155 5 2492
160 5 2492
165 5 2493
170 5 2494
175 5 2495
180 5 2496
185 5 2497
90 10 2497
95 10 2499
100 10 2500
105 10 2501
110 10 2502
115 10 2503
120 10 2504
125 10 2505
130 10 2506
135 10 2507
150 10 2508
155 10 2509
160 10 2510
165 10 2511
170 10 2512
175 10 2513
180 10 2514
185 10 2514
95 15 2515
100 15 2516
105 15 2517
110 15 2518
115 15 2519
120 15 2519
125 15 2521
130 15 2522
135 15 2522
190 15 2523
10 20 2523
15 20 2525
20 20 2526
25 20 2528
190 20 2529
10 25 2530
15 25 2531
20 25 2532
25 25 2533
40 25 2534
45 25 2536
50 25 2536
55 25 2537
60 25 2537
65 25 2538
70 25 2539
75 25 2540
95 25 2541
100 25 2542
105 25 2543
110 25 2544
115 25 2545
120 25 2545
125 25 2546
130 25 2546
135 25 2547
140 25 2548
145 25 2549
150 25 2550
155 25 2552
160 25 2552
165 25 2554
170 25 2554
175 25 2555
180 25 2556
185 25 2557
200 25 2558
205 25 2559
210 25 2560
215 25 2561
220 25 2562
225 25 2563
230 25 2564
235 25 2565
240 25 2566
245 25 2567
250 25 2569
255 25 2569
260 25 2571
265 25 2571
270 25 2572
275 25 2572
280 25 2572
285 25 2574
290 25 2575
295 25 2575
300 25 2576
