19 23 0
23 22 89
20 24 124
24 23 140
35 40 156
19 22 168
19 24 185
21 22 190
21 24 198
22 22 203
22 24 206
24 22 213
34 40 218
35 39 221
18 23 225
24 24 231
33 40 233
34 39 235
5 11 238
17 23 242
23 19 245
33 39 248
36 39 250
36 40 252
4 11 253
5 10 256
5 23 257
5 24 259
18 22 261
18 24 263
23 21 264
25 23 265
32 40 267
35 41 269
37 13 271
37 14 273
38 13 275
3 11 277
4 10 278
4 23 279
4 24 280
5 22 282
9 22 283
9 23 285
10 23 287
16 23 288
17 17 290
17 22 292
23 17 293
23 18 294
32 39 296
34 41 297
37 12 299
38 12 300
38 14 302
43 13 303
3 10 305
4 22 307
4 25 308
5 9 309
5 12 311
5 17 312
5 25 313
7 17 315
8 17 316
8 22 317
8 23 318
9 17 319
9 24 320
10 22 321
10 24 322
16 17 323
17 24 325
18 17 325
19 21 327
20 25 328
23 16 329
24 19 330
24 21 331
25 22 332
25 24 333
26 23 334
33 41 335
36 13 337
36 14 338
37 11 340
38 11 342
43 12 344
43 14 345
3 23 347
3 24 348
4 9 349
4 12 351
4 17 353
7 22 355
7 23 357
8 24 360
16 22 362
19 17 364
20 27 365
21 21 368
21 25 373
